<?xml version="1.0" encoding="UTF-8"?>
<!-- Generated by org.testng.reporters.JUnitReportReporter -->
<testsuite skipped="0" hostname="LAPTOP-91J108P6" name="com.orangehrm.demo.testsuite.ForgotPasswordTest" tests="1" failures="0" timestamp="2022-12-13T23:22:57 GMT" time="6.465" errors="0">
  <testcase name="userShouldNavigateToForgotPasswordPageSuccessfully" time="6.465" classname="com.orangehrm.demo.testsuite.ForgotPasswordTest"/>
  <system-out>
    <![CDATA[clicking on Forgot Password button : [[ChromeDriver: chrome on WINDOWS (577dbaba3ed128135bd25a8fcd901cbc)] -> xpath: //p[contains(@class,'-forgot-header')]]
Getting Message : [[ChromeDriver: chrome on WINDOWS (577dbaba3ed128135bd25a8fcd901cbc)] -> xpath: //h6[contains(@class,'forgot-password-title')]]]]>
  </system-out>
</testsuite> <!-- com.orangehrm.demo.testsuite.ForgotPasswordTest -->
