<?xml version="1.0" encoding="UTF-8"?>
<!-- Generated by org.testng.reporters.JUnitReportReporter -->
<testsuite skipped="0" hostname="LAPTOP-91J108P6" name="com.orangehrm.demo.testsuite.LoginPageTest" tests="1" failures="0" timestamp="2022-12-13T23:22:57 GMT" time="5.437" errors="0">
  <testcase name="userShouldLoginSuccessfullyWithValidCredentials" time="5.437" classname="com.orangehrm.demo.testsuite.LoginPageTest"/>
  <system-out>
    <![CDATA[Sending text to Username field : Admin
Sending text to Username field : admin123
clicking on login button : [[ChromeDriver: chrome on WINDOWS (a93914f8a7307b378af0db03cb8998e0)] -> xpath: //button[@type='submit']]
Getting dashboard message : [[ChromeDriver: chrome on WINDOWS (a93914f8a7307b378af0db03cb8998e0)] -> xpath: //h6[contains(@class,'header-breadcrumb-module')]]]]>
  </system-out>
</testsuite> <!-- com.orangehrm.demo.testsuite.LoginPageTest -->
